2024-07-08 11:48:31 INFO  Utils:112 - [TestNG] Running:
  C:\Users\AVI\eclipse-workspace\DataDrivenLogin_Automation\Master.xml

2024-07-08 11:48:50 INFO  Login_DataDriven:14 - Test case Tc_002 started
2024-07-08 11:48:50 INFO  Login_DataDriven:18 - Test case Tc_002 entering username
2024-07-08 11:48:50 INFO  Login_DataDriven:20 - Test case Tc_002 entering password
2024-07-08 11:48:50 INFO  Login_DataDriven:22 - Test case Tc_002 clicking login
2024-07-08 11:49:01 INFO  Login_DataDriven:14 - Test case Tc_002 started
2024-07-08 11:49:01 INFO  Login_DataDriven:18 - Test case Tc_002 entering username
2024-07-08 11:49:01 INFO  Login_DataDriven:20 - Test case Tc_002 entering password
2024-07-08 11:49:01 INFO  Login_DataDriven:22 - Test case Tc_002 clicking login
2024-07-08 11:49:11 INFO  Login_DataDriven:14 - Test case Tc_002 started
2024-07-08 11:49:11 INFO  Login_DataDriven:18 - Test case Tc_002 entering username
2024-07-08 11:49:11 INFO  Login_DataDriven:20 - Test case Tc_002 entering password
2024-07-08 11:49:11 INFO  Login_DataDriven:22 - Test case Tc_002 clicking login
2024-07-08 11:49:22 INFO  Login_DataDriven:14 - Test case Tc_002 started
2024-07-08 11:49:22 INFO  Login_DataDriven:18 - Test case Tc_002 entering username
2024-07-08 11:49:22 INFO  Login_DataDriven:20 - Test case Tc_002 entering password
2024-07-08 11:49:22 INFO  Login_DataDriven:22 - Test case Tc_002 clicking login
2024-07-08 11:49:32 INFO  Login_DataDriven:14 - Test case Tc_002 started
2024-07-08 11:49:32 INFO  Login_DataDriven:18 - Test case Tc_002 entering username
2024-07-08 11:49:32 INFO  Login_DataDriven:20 - Test case Tc_002 entering password
2024-07-08 11:49:32 INFO  Login_DataDriven:22 - Test case Tc_002 clicking login
2024-07-08 11:49:42 INFO  Login_DataDriven:14 - Test case Tc_002 started
2024-07-08 11:49:42 INFO  Login_DataDriven:18 - Test case Tc_002 entering username
2024-07-08 11:49:43 INFO  Login_DataDriven:20 - Test case Tc_002 entering password
2024-07-08 11:49:43 INFO  Login_DataDriven:22 - Test case Tc_002 clicking login
2024-07-08 11:49:53 INFO  Login_DataDriven:14 - Test case Tc_002 started
2024-07-08 11:49:53 INFO  Login_DataDriven:18 - Test case Tc_002 entering username
2024-07-08 11:49:53 INFO  Login_DataDriven:20 - Test case Tc_002 entering password
2024-07-08 11:49:53 INFO  Login_DataDriven:22 - Test case Tc_002 clicking login
2024-07-08 11:50:03 INFO  Login_DataDriven:14 - Test case Tc_002 started
2024-07-08 11:50:03 INFO  Login_DataDriven:18 - Test case Tc_002 entering username
2024-07-08 11:50:03 INFO  Login_DataDriven:20 - Test case Tc_002 entering password
2024-07-08 11:50:04 INFO  Login_DataDriven:22 - Test case Tc_002 clicking login
2024-07-08 11:50:14 INFO  Login_DataDriven:14 - Test case Tc_002 started
2024-07-08 11:50:14 INFO  Login_DataDriven:18 - Test case Tc_002 entering username
2024-07-08 11:50:14 INFO  Login_DataDriven:20 - Test case Tc_002 entering password
2024-07-08 11:50:14 INFO  Login_DataDriven:22 - Test case Tc_002 clicking login
2024-07-08 11:50:24 INFO  Login_DataDriven:14 - Test case Tc_002 started
2024-07-08 11:50:24 INFO  Login_DataDriven:18 - Test case Tc_002 entering username
2024-07-08 11:50:24 INFO  Login_DataDriven:20 - Test case Tc_002 entering password
2024-07-08 11:50:25 INFO  Login_DataDriven:22 - Test case Tc_002 clicking login
2024-07-08 11:50:35 INFO  Login_DataDriven:14 - Test case Tc_002 started
2024-07-08 11:50:35 INFO  Login_DataDriven:18 - Test case Tc_002 entering username
2024-07-08 11:50:35 INFO  Login_DataDriven:20 - Test case Tc_002 entering password
2024-07-08 11:50:35 INFO  Login_DataDriven:22 - Test case Tc_002 clicking login
2024-07-08 11:50:45 INFO  Login_DataDriven:14 - Test case Tc_002 started
2024-07-08 11:50:45 INFO  Login_DataDriven:18 - Test case Tc_002 entering username
2024-07-08 11:50:45 INFO  Login_DataDriven:20 - Test case Tc_002 entering password
2024-07-08 11:50:45 INFO  Login_DataDriven:22 - Test case Tc_002 clicking login
2024-07-08 11:50:56 INFO  Login_DataDriven:14 - Test case Tc_002 started
2024-07-08 11:50:56 INFO  Login_DataDriven:18 - Test case Tc_002 entering username
2024-07-08 11:50:56 INFO  Login_DataDriven:20 - Test case Tc_002 entering password
2024-07-08 11:50:56 INFO  Login_DataDriven:22 - Test case Tc_002 clicking login
2024-07-08 11:54:00 INFO  Utils:112 - [TestNG] Running:
  C:\Users\AVI\eclipse-workspace\DataDrivenLogin_Automation\Master.xml

2024-07-08 11:54:10 INFO  Login_DataDriven:14 - Test case Tc_002 started
2024-07-08 11:54:10 INFO  Login_DataDriven:18 - Test case Tc_002 entering username
2024-07-08 11:54:10 INFO  Login_DataDriven:20 - Test case Tc_002 entering password
2024-07-08 11:54:10 INFO  Login_DataDriven:22 - Test case Tc_002 clicking login
2024-07-08 11:54:21 INFO  Login_DataDriven:14 - Test case Tc_002 started
2024-07-08 11:54:21 INFO  Login_DataDriven:18 - Test case Tc_002 entering username
2024-07-08 11:54:21 INFO  Login_DataDriven:20 - Test case Tc_002 entering password
2024-07-08 11:54:21 INFO  Login_DataDriven:22 - Test case Tc_002 clicking login
2024-07-08 11:54:31 INFO  Login_DataDriven:14 - Test case Tc_002 started
2024-07-08 11:54:31 INFO  Login_DataDriven:18 - Test case Tc_002 entering username
2024-07-08 11:54:31 INFO  Login_DataDriven:20 - Test case Tc_002 entering password
2024-07-08 11:54:32 INFO  Login_DataDriven:22 - Test case Tc_002 clicking login
2024-07-08 11:55:51 INFO  Utils:112 - [TestNG] Running:
  C:\Users\AVI\eclipse-workspace\DataDrivenLogin_Automation\Master.xml

2024-07-08 11:56:02 INFO  Login_DataDriven:14 - Test case Tc_002 started
2024-07-08 11:56:02 INFO  Login_DataDriven:18 - Test case Tc_002 entering username
2024-07-08 11:56:03 INFO  Login_DataDriven:20 - Test case Tc_002 entering password
2024-07-08 11:56:03 INFO  Login_DataDriven:22 - Test case Tc_002 clicking login
2024-07-08 11:56:13 INFO  Login_DataDriven:14 - Test case Tc_002 started
2024-07-08 11:56:13 INFO  Login_DataDriven:18 - Test case Tc_002 entering username
2024-07-08 11:56:13 INFO  Login_DataDriven:20 - Test case Tc_002 entering password
2024-07-08 11:56:13 INFO  Login_DataDriven:22 - Test case Tc_002 clicking login
2024-07-08 11:56:24 INFO  Login_DataDriven:14 - Test case Tc_002 started
2024-07-08 11:56:24 INFO  Login_DataDriven:18 - Test case Tc_002 entering username
2024-07-08 11:56:24 INFO  Login_DataDriven:20 - Test case Tc_002 entering password
2024-07-08 11:56:24 INFO  Login_DataDriven:22 - Test case Tc_002 clicking login
2024-07-08 12:04:30 INFO  Utils:112 - [TestNG] Running:
  C:\Users\AVI\eclipse-workspace\DataDrivenLogin_Automation\Master.xml

2024-07-08 12:04:41 INFO  Login_DataDriven:14 - Test case Tc_002 started
2024-07-08 12:04:41 INFO  Login_DataDriven:18 - Test case Tc_002 entering username
2024-07-08 12:04:42 INFO  Login_DataDriven:20 - Test case Tc_002 entering password
2024-07-08 12:04:42 INFO  Login_DataDriven:22 - Test case Tc_002 clicking login
2024-07-08 12:04:52 INFO  Login_DataDriven:14 - Test case Tc_002 started
2024-07-08 12:04:52 INFO  Login_DataDriven:18 - Test case Tc_002 entering username
2024-07-08 12:04:52 INFO  Login_DataDriven:20 - Test case Tc_002 entering password
2024-07-08 12:04:52 INFO  Login_DataDriven:22 - Test case Tc_002 clicking login
2024-07-08 12:05:51 INFO  Utils:112 - [TestNG] Running:
  C:\Users\AVI\eclipse-workspace\DataDrivenLogin_Automation\Master.xml

2024-07-08 12:06:02 INFO  Login_DataDriven:14 - Test case Tc_002 started
2024-07-08 12:06:02 INFO  Login_DataDriven:18 - Test case Tc_002 entering username
2024-07-08 12:06:03 INFO  Login_DataDriven:20 - Test case Tc_002 entering password
2024-07-08 12:06:03 INFO  Login_DataDriven:22 - Test case Tc_002 clicking login
2024-07-08 12:06:03 INFO  Login_DataDriven:14 - Test case Tc_002 started
2024-07-08 12:06:03 INFO  Login_DataDriven:18 - Test case Tc_002 entering username
2024-07-08 12:06:03 INFO  Login_DataDriven:20 - Test case Tc_002 entering password
2024-07-08 12:06:03 INFO  Login_DataDriven:22 - Test case Tc_002 clicking login
2024-07-08 12:06:03 INFO  Login_DataDriven:14 - Test case Tc_002 started
2024-07-08 12:06:03 INFO  Login_DataDriven:18 - Test case Tc_002 entering username
2024-07-08 12:06:03 INFO  Login_DataDriven:20 - Test case Tc_002 entering password
2024-07-08 12:06:03 INFO  Login_DataDriven:22 - Test case Tc_002 clicking login
2024-07-08 12:06:03 INFO  Login_DataDriven:14 - Test case Tc_002 started
2024-07-08 12:06:03 INFO  Login_DataDriven:18 - Test case Tc_002 entering username
2024-07-08 12:06:04 INFO  Login_DataDriven:20 - Test case Tc_002 entering password
2024-07-08 12:06:04 INFO  Login_DataDriven:22 - Test case Tc_002 clicking login
2024-07-08 12:06:04 INFO  Login_DataDriven:14 - Test case Tc_002 started
2024-07-08 12:06:04 INFO  Login_DataDriven:18 - Test case Tc_002 entering username
2024-07-08 12:06:04 INFO  Login_DataDriven:20 - Test case Tc_002 entering password
2024-07-08 12:06:04 INFO  Login_DataDriven:22 - Test case Tc_002 clicking login
2024-07-08 12:06:04 INFO  Login_DataDriven:14 - Test case Tc_002 started
2024-07-08 12:06:04 INFO  Login_DataDriven:18 - Test case Tc_002 entering username
2024-07-08 12:06:04 INFO  Login_DataDriven:20 - Test case Tc_002 entering password
2024-07-08 12:06:04 INFO  Login_DataDriven:22 - Test case Tc_002 clicking login
2024-07-08 12:06:04 INFO  Login_DataDriven:14 - Test case Tc_002 started
2024-07-08 12:06:04 INFO  Login_DataDriven:18 - Test case Tc_002 entering username
2024-07-08 12:06:04 INFO  Login_DataDriven:20 - Test case Tc_002 entering password
2024-07-08 12:06:04 INFO  Login_DataDriven:22 - Test case Tc_002 clicking login
2024-07-08 12:06:05 INFO  Login_DataDriven:14 - Test case Tc_002 started
2024-07-08 12:06:05 INFO  Login_DataDriven:18 - Test case Tc_002 entering username
2024-07-08 12:06:05 INFO  Login_DataDriven:20 - Test case Tc_002 entering password
2024-07-08 12:06:05 INFO  Login_DataDriven:22 - Test case Tc_002 clicking login
2024-07-08 12:06:05 INFO  Login_DataDriven:14 - Test case Tc_002 started
2024-07-08 12:06:05 INFO  Login_DataDriven:18 - Test case Tc_002 entering username
2024-07-08 12:06:05 INFO  Login_DataDriven:20 - Test case Tc_002 entering password
2024-07-08 12:06:05 INFO  Login_DataDriven:22 - Test case Tc_002 clicking login
2024-07-08 12:06:05 INFO  Login_DataDriven:14 - Test case Tc_002 started
2024-07-08 12:06:05 INFO  Login_DataDriven:18 - Test case Tc_002 entering username
2024-07-08 12:06:05 INFO  Login_DataDriven:20 - Test case Tc_002 entering password
2024-07-08 12:06:06 INFO  Login_DataDriven:22 - Test case Tc_002 clicking login
2024-07-08 12:06:06 INFO  Login_DataDriven:14 - Test case Tc_002 started
2024-07-08 12:06:06 INFO  Login_DataDriven:18 - Test case Tc_002 entering username
2024-07-08 12:06:06 INFO  Login_DataDriven:20 - Test case Tc_002 entering password
2024-07-08 12:06:06 INFO  Login_DataDriven:22 - Test case Tc_002 clicking login
2024-07-08 12:06:06 INFO  Login_DataDriven:14 - Test case Tc_002 started
2024-07-08 12:06:06 INFO  Login_DataDriven:18 - Test case Tc_002 entering username
2024-07-08 12:06:06 INFO  Login_DataDriven:20 - Test case Tc_002 entering password
2024-07-08 12:06:06 INFO  Login_DataDriven:22 - Test case Tc_002 clicking login
2024-07-08 12:06:06 INFO  Login_DataDriven:14 - Test case Tc_002 started
2024-07-08 12:06:06 INFO  Login_DataDriven:18 - Test case Tc_002 entering username
2024-07-08 12:06:06 INFO  Login_DataDriven:20 - Test case Tc_002 entering password
2024-07-08 12:06:06 INFO  Login_DataDriven:22 - Test case Tc_002 clicking login
2024-07-08 12:15:04 INFO  Utils:112 - [TestNG] Running:
  C:\Users\AVI\eclipse-workspace\DataDrivenLogin_Automation\Master.xml

2024-07-08 12:15:19 INFO  Login_DataDriven:14 - Test case Tc_002 started
2024-07-08 12:15:19 INFO  Login_DataDriven:18 - Test case Tc_002 entering username
2024-07-08 12:15:19 INFO  Login_DataDriven:20 - Test case Tc_002 entering password
2024-07-08 12:15:19 INFO  Login_DataDriven:22 - Test case Tc_002 clicking login
2024-07-08 12:15:20 INFO  Login_DataDriven:14 - Test case Tc_002 started
2024-07-08 12:15:20 INFO  Login_DataDriven:18 - Test case Tc_002 entering username
2024-07-08 12:15:20 INFO  Login_DataDriven:20 - Test case Tc_002 entering password
2024-07-08 12:15:20 INFO  Login_DataDriven:22 - Test case Tc_002 clicking login
2024-07-08 12:15:20 INFO  Login_DataDriven:14 - Test case Tc_002 started
2024-07-08 12:15:20 INFO  Login_DataDriven:18 - Test case Tc_002 entering username
2024-07-08 12:15:20 INFO  Login_DataDriven:20 - Test case Tc_002 entering password
2024-07-08 12:15:20 INFO  Login_DataDriven:22 - Test case Tc_002 clicking login
2024-07-08 12:15:20 INFO  Login_DataDriven:14 - Test case Tc_002 started
2024-07-08 12:15:20 INFO  Login_DataDriven:18 - Test case Tc_002 entering username
2024-07-08 12:15:20 INFO  Login_DataDriven:20 - Test case Tc_002 entering password
2024-07-08 12:15:20 INFO  Login_DataDriven:22 - Test case Tc_002 clicking login
2024-07-08 12:15:21 INFO  Login_DataDriven:14 - Test case Tc_002 started
2024-07-08 12:15:21 INFO  Login_DataDriven:18 - Test case Tc_002 entering username
2024-07-08 12:15:21 INFO  Login_DataDriven:20 - Test case Tc_002 entering password
2024-07-08 12:15:21 INFO  Login_DataDriven:22 - Test case Tc_002 clicking login
2024-07-08 12:15:21 INFO  Login_DataDriven:14 - Test case Tc_002 started
2024-07-08 12:15:21 INFO  Login_DataDriven:18 - Test case Tc_002 entering username
2024-07-08 12:15:21 INFO  Login_DataDriven:20 - Test case Tc_002 entering password
2024-07-08 12:15:21 INFO  Login_DataDriven:22 - Test case Tc_002 clicking login
2024-07-08 12:15:21 INFO  Login_DataDriven:14 - Test case Tc_002 started
2024-07-08 12:15:21 INFO  Login_DataDriven:18 - Test case Tc_002 entering username
2024-07-08 12:15:21 INFO  Login_DataDriven:20 - Test case Tc_002 entering password
2024-07-08 12:15:21 INFO  Login_DataDriven:22 - Test case Tc_002 clicking login
2024-07-08 12:15:21 INFO  Login_DataDriven:14 - Test case Tc_002 started
2024-07-08 12:15:21 INFO  Login_DataDriven:18 - Test case Tc_002 entering username
2024-07-08 12:15:22 INFO  Login_DataDriven:20 - Test case Tc_002 entering password
2024-07-08 12:15:22 INFO  Login_DataDriven:22 - Test case Tc_002 clicking login
2024-07-08 12:15:22 INFO  Login_DataDriven:14 - Test case Tc_002 started
2024-07-08 12:15:22 INFO  Login_DataDriven:18 - Test case Tc_002 entering username
2024-07-08 12:15:22 INFO  Login_DataDriven:20 - Test case Tc_002 entering password
2024-07-08 12:15:22 INFO  Login_DataDriven:22 - Test case Tc_002 clicking login
2024-07-08 12:15:22 INFO  Login_DataDriven:14 - Test case Tc_002 started
2024-07-08 12:15:22 INFO  Login_DataDriven:18 - Test case Tc_002 entering username
2024-07-08 12:15:23 INFO  Login_DataDriven:20 - Test case Tc_002 entering password
2024-07-08 12:15:23 INFO  Login_DataDriven:22 - Test case Tc_002 clicking login
2024-07-08 12:15:23 INFO  Login_DataDriven:14 - Test case Tc_002 started
2024-07-08 12:15:23 INFO  Login_DataDriven:18 - Test case Tc_002 entering username
2024-07-08 12:15:23 INFO  Login_DataDriven:20 - Test case Tc_002 entering password
2024-07-08 12:15:23 INFO  Login_DataDriven:22 - Test case Tc_002 clicking login
2024-07-08 12:15:23 INFO  Login_DataDriven:14 - Test case Tc_002 started
2024-07-08 12:15:23 INFO  Login_DataDriven:18 - Test case Tc_002 entering username
2024-07-08 12:15:23 INFO  Login_DataDriven:20 - Test case Tc_002 entering password
2024-07-08 12:15:23 INFO  Login_DataDriven:22 - Test case Tc_002 clicking login
2024-07-08 12:15:23 INFO  Login_DataDriven:14 - Test case Tc_002 started
2024-07-08 12:15:23 INFO  Login_DataDriven:18 - Test case Tc_002 entering username
2024-07-08 12:15:24 INFO  Login_DataDriven:20 - Test case Tc_002 entering password
2024-07-08 12:15:24 INFO  Login_DataDriven:22 - Test case Tc_002 clicking login
2024-07-08 12:16:19 INFO  Utils:112 - [TestNG] Running:
  C:\Users\AVI\eclipse-workspace\DataDrivenLogin_Automation\Master.xml

2024-07-08 12:16:30 INFO  Login_DataDriven:14 - Test case Tc_002 started
2024-07-08 12:16:30 INFO  Login_DataDriven:18 - Test case Tc_002 entering username
2024-07-08 12:16:30 INFO  Login_DataDriven:20 - Test case Tc_002 entering password
2024-07-08 12:16:31 INFO  Login_DataDriven:22 - Test case Tc_002 clicking login
2024-07-08 12:16:31 INFO  Login_DataDriven:14 - Test case Tc_002 started
2024-07-08 12:16:31 INFO  Login_DataDriven:18 - Test case Tc_002 entering username
2024-07-08 12:16:31 INFO  Login_DataDriven:20 - Test case Tc_002 entering password
2024-07-08 12:16:31 INFO  Login_DataDriven:22 - Test case Tc_002 clicking login
2024-07-08 12:16:31 INFO  Login_DataDriven:14 - Test case Tc_002 started
2024-07-08 12:16:31 INFO  Login_DataDriven:18 - Test case Tc_002 entering username
2024-07-08 12:16:31 INFO  Login_DataDriven:20 - Test case Tc_002 entering password
2024-07-08 12:16:31 INFO  Login_DataDriven:22 - Test case Tc_002 clicking login
2024-07-08 12:16:31 INFO  Login_DataDriven:14 - Test case Tc_002 started
2024-07-08 12:16:31 INFO  Login_DataDriven:18 - Test case Tc_002 entering username
2024-07-08 12:16:31 INFO  Login_DataDriven:20 - Test case Tc_002 entering password
2024-07-08 12:16:32 INFO  Login_DataDriven:22 - Test case Tc_002 clicking login
2024-07-08 12:16:32 INFO  Login_DataDriven:14 - Test case Tc_002 started
2024-07-08 12:16:32 INFO  Login_DataDriven:18 - Test case Tc_002 entering username
2024-07-08 12:16:32 INFO  Login_DataDriven:20 - Test case Tc_002 entering password
2024-07-08 12:16:32 INFO  Login_DataDriven:22 - Test case Tc_002 clicking login
2024-07-08 12:16:32 INFO  Login_DataDriven:14 - Test case Tc_002 started
2024-07-08 12:16:32 INFO  Login_DataDriven:18 - Test case Tc_002 entering username
2024-07-08 12:16:32 INFO  Login_DataDriven:20 - Test case Tc_002 entering password
2024-07-08 12:16:32 INFO  Login_DataDriven:22 - Test case Tc_002 clicking login
2024-07-08 12:16:32 INFO  Login_DataDriven:14 - Test case Tc_002 started
2024-07-08 12:16:32 INFO  Login_DataDriven:18 - Test case Tc_002 entering username
2024-07-08 12:16:32 INFO  Login_DataDriven:20 - Test case Tc_002 entering password
2024-07-08 12:16:32 INFO  Login_DataDriven:22 - Test case Tc_002 clicking login
2024-07-08 12:16:32 INFO  Login_DataDriven:14 - Test case Tc_002 started
2024-07-08 12:16:32 INFO  Login_DataDriven:18 - Test case Tc_002 entering username
2024-07-08 12:16:32 INFO  Login_DataDriven:20 - Test case Tc_002 entering password
2024-07-08 12:16:33 INFO  Login_DataDriven:22 - Test case Tc_002 clicking login
2024-07-08 12:16:33 INFO  Login_DataDriven:14 - Test case Tc_002 started
2024-07-08 12:16:33 INFO  Login_DataDriven:18 - Test case Tc_002 entering username
2024-07-08 12:16:33 INFO  Login_DataDriven:20 - Test case Tc_002 entering password
2024-07-08 12:16:33 INFO  Login_DataDriven:22 - Test case Tc_002 clicking login
2024-07-08 12:16:33 INFO  Login_DataDriven:14 - Test case Tc_002 started
2024-07-08 12:16:33 INFO  Login_DataDriven:18 - Test case Tc_002 entering username
2024-07-08 12:16:33 INFO  Login_DataDriven:20 - Test case Tc_002 entering password
2024-07-08 12:16:33 INFO  Login_DataDriven:22 - Test case Tc_002 clicking login
2024-07-08 12:16:33 INFO  Login_DataDriven:14 - Test case Tc_002 started
2024-07-08 12:16:33 INFO  Login_DataDriven:18 - Test case Tc_002 entering username
2024-07-08 12:16:34 INFO  Login_DataDriven:20 - Test case Tc_002 entering password
2024-07-08 12:16:34 INFO  Login_DataDriven:22 - Test case Tc_002 clicking login
2024-07-08 12:16:34 INFO  Login_DataDriven:14 - Test case Tc_002 started
2024-07-08 12:16:34 INFO  Login_DataDriven:18 - Test case Tc_002 entering username
2024-07-08 12:16:34 INFO  Login_DataDriven:20 - Test case Tc_002 entering password
2024-07-08 12:16:34 INFO  Login_DataDriven:22 - Test case Tc_002 clicking login
2024-07-08 12:16:34 INFO  Login_DataDriven:14 - Test case Tc_002 started
2024-07-08 12:16:34 INFO  Login_DataDriven:18 - Test case Tc_002 entering username
2024-07-08 12:16:34 INFO  Login_DataDriven:20 - Test case Tc_002 entering password
2024-07-08 12:16:34 INFO  Login_DataDriven:22 - Test case Tc_002 clicking login
2024-07-08 12:20:58 INFO  Utils:112 - [Utils] MethodGroupsHelper.collectMethodsByGroup() took 1 ms.
2024-07-08 12:20:58 INFO  Utils:112 - [Utils] MethodGroupsHelper.sortMethods() took 3 ms.
2024-07-08 12:20:58 INFO  Utils:112 - [Utils] MethodGroupsHelper.collectMethodsByGroup() took 0 ms.
2024-07-08 12:20:58 INFO  Utils:112 - [Utils] MethodGroupsHelper.sortMethods() took 0 ms.
2024-07-08 12:20:58 INFO  Utils:112 - [Utils] MethodGroupsHelper.collectMethodsByGroup() took 0 ms.
2024-07-08 12:20:58 INFO  Utils:112 - [Utils] MethodGroupsHelper.sortMethods() took 0 ms.
2024-07-08 12:20:58 INFO  Utils:112 - [Utils] MethodGroupsHelper.collectMethodsByGroup() took 0 ms.
2024-07-08 12:20:58 INFO  Utils:112 - [Utils] MethodGroupsHelper.sortMethods() took 0 ms.
2024-07-08 12:20:58 INFO  Utils:112 - [Utils] MethodGroupsHelper.collectMethodsByGroup() took 7 ms.
2024-07-08 12:20:59 INFO  Utils:112 - [Utils] MethodGroupsHelper.sortMethods() took 17 ms.
2024-07-08 12:20:59 INFO  Utils:112 - [Utils] MethodGroupsHelper.collectMethodsByGroup() took 0 ms.
2024-07-08 12:20:59 INFO  Utils:112 - [Utils] MethodGroupsHelper.sortMethods() took 0 ms.
2024-07-08 12:20:59 INFO  Utils:112 - [Utils] MethodGroupsHelper.collectMethodsByGroup() took 0 ms.
2024-07-08 12:20:59 INFO  Utils:112 - [Utils] MethodGroupsHelper.sortMethods() took 0 ms.
2024-07-08 12:20:59 INFO  Utils:112 - [Utils] MethodGroupsHelper.collectMethodsByGroup() took 0 ms.
2024-07-08 12:20:59 INFO  Utils:112 - [Utils] MethodGroupsHelper.sortMethods() took 0 ms.
2024-07-08 12:20:59 INFO  Utils:112 - [Utils] MethodGroupsHelper.collectMethodsByGroup() took 0 ms.
2024-07-08 12:20:59 INFO  Utils:112 - [Utils] MethodGroupsHelper.sortMethods() took 0 ms.
2024-07-08 12:20:59 INFO  Utils:112 - [Utils] MethodGroupsHelper.collectMethodsByGroup() took 0 ms.
2024-07-08 12:20:59 INFO  Utils:112 - [Utils] MethodGroupsHelper.sortMethods() took 0 ms.
2024-07-08 12:20:59 INFO  Utils:112 - [Utils] MethodGroupsHelper.collectMethodsByGroup() took 0 ms.
2024-07-08 12:20:59 INFO  Utils:112 - [Utils] MethodGroupsHelper.sortMethods() took 0 ms.
2024-07-08 12:20:59 INFO  Utils:112 - [Utils] MethodGroupsHelper.collectMethodsByGroup() took 0 ms.
2024-07-08 12:20:59 INFO  Utils:112 - [Utils] MethodGroupsHelper.sortMethods() took 1 ms.
2024-07-08 12:20:59 INFO  Utils:112 - [Utils] MethodGroupsHelper.collectMethodsByGroup() took 1 ms.
2024-07-08 12:20:59 INFO  Utils:112 - [Utils] MethodGroupsHelper.sortMethods() took 0 ms.
2024-07-08 12:20:59 INFO  Utils:112 - [Utils] MethodGroupsHelper.collectMethodsByGroup() took 0 ms.
2024-07-08 12:20:59 INFO  Utils:112 - [Utils] MethodGroupsHelper.sortMethods() took 0 ms.
2024-07-08 12:20:59 INFO  Utils:112 - [Utils] MethodGroupsHelper.collectMethodsByGroup() took 0 ms.
2024-07-08 12:20:59 INFO  Utils:112 - [Utils] MethodGroupsHelper.sortMethods() took 0 ms.
2024-07-08 12:20:59 INFO  Utils:112 - [TestNG] Running:
  C:\Users\AVI\AppData\Local\Temp\testng-eclipse--2136708639\testng-customsuite.xml

2024-07-08 12:20:59 INFO  Utils:112 - [Utils] DynamicGraphHelper.createDynamicGraph() took 9 ms.
2024-07-08 12:21:01 INFO  Utils:112 - [TestNG] Time taken by org.testng.reporters.jq.Main@29c2c826: 209 ms
2024-07-08 12:21:01 INFO  Utils:112 - [TestNG] Time taken by org.testng.reporters.FailedReporter@7ad54c55: 32 ms
2024-07-08 12:21:02 INFO  Utils:112 - [TestNG] Time taken by org.testng.reporters.XMLReporter@4d48bd85: 33 ms
2024-07-08 12:21:02 INFO  Utils:112 - [TestNG] Time taken by org.testng.reporters.EmailableReporter2@1237e0be: 20 ms
2024-07-08 12:21:02 INFO  Utils:112 - [TestNG] Time taken by org.testng.reporters.JUnitReportReporter@834831b: 9 ms
2024-07-08 12:21:02 INFO  Utils:112 - [TestNG] Time taken by org.testng.internal.ExitCodeListener@234a8f27: 0 ms
2024-07-08 12:21:12 INFO  Utils:112 - [TestNG] Running:
  C:\Users\AVI\eclipse-workspace\DataDrivenLogin_Automation\Master.xml

2024-07-08 12:21:23 INFO  Login_DataDriven:14 - Test case Tc_002 started
2024-07-08 12:21:23 INFO  Login_DataDriven:18 - Test case Tc_002 entering username
2024-07-08 12:21:23 INFO  Login_DataDriven:20 - Test case Tc_002 entering password
2024-07-08 12:21:23 INFO  Login_DataDriven:22 - Test case Tc_002 clicking login
2024-07-08 12:21:24 INFO  Login_DataDriven:14 - Test case Tc_002 started
2024-07-08 12:21:24 INFO  Login_DataDriven:18 - Test case Tc_002 entering username
2024-07-08 12:21:24 INFO  Login_DataDriven:20 - Test case Tc_002 entering password
2024-07-08 12:21:24 INFO  Login_DataDriven:22 - Test case Tc_002 clicking login
2024-07-08 12:21:24 INFO  Login_DataDriven:14 - Test case Tc_002 started
2024-07-08 12:21:24 INFO  Login_DataDriven:18 - Test case Tc_002 entering username
2024-07-08 12:21:24 INFO  Login_DataDriven:20 - Test case Tc_002 entering password
2024-07-08 12:21:24 INFO  Login_DataDriven:22 - Test case Tc_002 clicking login
2024-07-08 12:21:24 INFO  Login_DataDriven:14 - Test case Tc_002 started
2024-07-08 12:21:24 INFO  Login_DataDriven:18 - Test case Tc_002 entering username
2024-07-08 12:21:24 INFO  Login_DataDriven:20 - Test case Tc_002 entering password
2024-07-08 12:21:24 INFO  Login_DataDriven:22 - Test case Tc_002 clicking login
2024-07-08 12:21:24 INFO  Login_DataDriven:14 - Test case Tc_002 started
2024-07-08 12:21:24 INFO  Login_DataDriven:18 - Test case Tc_002 entering username
2024-07-08 12:21:25 INFO  Login_DataDriven:20 - Test case Tc_002 entering password
2024-07-08 12:21:25 INFO  Login_DataDriven:22 - Test case Tc_002 clicking login
2024-07-08 12:21:25 INFO  Login_DataDriven:14 - Test case Tc_002 started
2024-07-08 12:21:25 INFO  Login_DataDriven:18 - Test case Tc_002 entering username
2024-07-08 12:21:25 INFO  Login_DataDriven:20 - Test case Tc_002 entering password
2024-07-08 12:21:25 INFO  Login_DataDriven:22 - Test case Tc_002 clicking login
2024-07-08 12:21:25 INFO  Login_DataDriven:14 - Test case Tc_002 started
2024-07-08 12:21:25 INFO  Login_DataDriven:18 - Test case Tc_002 entering username
2024-07-08 12:21:25 INFO  Login_DataDriven:20 - Test case Tc_002 entering password
2024-07-08 12:21:25 INFO  Login_DataDriven:22 - Test case Tc_002 clicking login
2024-07-08 12:21:25 INFO  Login_DataDriven:14 - Test case Tc_002 started
2024-07-08 12:21:25 INFO  Login_DataDriven:18 - Test case Tc_002 entering username
2024-07-08 12:21:25 INFO  Login_DataDriven:20 - Test case Tc_002 entering password
2024-07-08 12:21:26 INFO  Login_DataDriven:22 - Test case Tc_002 clicking login
2024-07-08 12:21:26 INFO  Login_DataDriven:14 - Test case Tc_002 started
2024-07-08 12:21:26 INFO  Login_DataDriven:18 - Test case Tc_002 entering username
2024-07-08 12:21:26 INFO  Login_DataDriven:20 - Test case Tc_002 entering password
2024-07-08 12:21:26 INFO  Login_DataDriven:22 - Test case Tc_002 clicking login
2024-07-08 12:21:26 INFO  Login_DataDriven:14 - Test case Tc_002 started
2024-07-08 12:21:26 INFO  Login_DataDriven:18 - Test case Tc_002 entering username
2024-07-08 12:21:26 INFO  Login_DataDriven:20 - Test case Tc_002 entering password
2024-07-08 12:21:26 INFO  Login_DataDriven:22 - Test case Tc_002 clicking login
2024-07-08 12:21:26 INFO  Login_DataDriven:14 - Test case Tc_002 started
2024-07-08 12:21:26 INFO  Login_DataDriven:18 - Test case Tc_002 entering username
2024-07-08 12:21:26 INFO  Login_DataDriven:20 - Test case Tc_002 entering password
2024-07-08 12:21:27 INFO  Login_DataDriven:22 - Test case Tc_002 clicking login
2024-07-08 12:21:27 INFO  Login_DataDriven:14 - Test case Tc_002 started
2024-07-08 12:21:27 INFO  Login_DataDriven:18 - Test case Tc_002 entering username
2024-07-08 12:21:27 INFO  Login_DataDriven:20 - Test case Tc_002 entering password
2024-07-08 12:21:27 INFO  Login_DataDriven:22 - Test case Tc_002 clicking login
2024-07-08 12:21:27 INFO  Login_DataDriven:14 - Test case Tc_002 started
2024-07-08 12:21:27 INFO  Login_DataDriven:18 - Test case Tc_002 entering username
2024-07-08 12:21:27 INFO  Login_DataDriven:20 - Test case Tc_002 entering password
2024-07-08 12:21:27 INFO  Login_DataDriven:22 - Test case Tc_002 clicking login
2024-07-08 12:39:32 INFO  Utils:112 - [TestNG] Running:
  C:\Users\AVI\eclipse-workspace\DataDrivenLogin_Automation\Master.xml

2024-07-08 12:39:42 INFO  Tc__001validLogin:13 - Test case Tc__001validLogin started
2024-07-08 12:39:47 INFO  Tc__001validLogin:23 - Test case Tc__001validLogin finshed
2024-07-08 12:39:56 INFO  Tc_002_Invalid_Login:12 - Test case Tc_002_Invalid_Login Started
2024-07-08 12:39:57 INFO  Tc_002_Invalid_Login:19 - Test case Tc_002_Invalid_Login finished
2024-07-08 12:42:32 INFO  Utils:112 - [TestNG] Running:
  C:\Users\AVI\eclipse-workspace\DataDrivenLogin_Automation\crossbrowser.xml

2024-07-08 12:42:58 INFO  Tc_002_Invalid_Login:12 - Test case Tc_002_Invalid_Login Started
2024-07-08 12:42:58 INFO  Tc__001validLogin:13 - Test case Tc__001validLogin started
2024-07-08 12:43:02 INFO  Login_DataDriven:14 - Test case Tc_002 started
2024-07-08 12:43:02 INFO  Login_DataDriven:18 - Test case Tc_002 entering username
2024-07-08 12:43:16 INFO  Tc_002_Invalid_Login:19 - Test case Tc_002_Invalid_Login finished
2024-07-08 12:43:16 INFO  Login_DataDriven:20 - Test case Tc_002 entering password
2024-07-08 12:43:22 INFO  Login_DataDriven:14 - Test case Tc_002 started
2024-07-08 12:43:22 INFO  Login_DataDriven:18 - Test case Tc_002 entering username
2024-07-08 12:43:22 INFO  Login_DataDriven:14 - Test case Tc_002 started
2024-07-08 12:43:22 INFO  Login_DataDriven:18 - Test case Tc_002 entering username
2024-07-08 12:43:22 INFO  Login_DataDriven:14 - Test case Tc_002 started
2024-07-08 12:43:22 INFO  Login_DataDriven:18 - Test case Tc_002 entering username
2024-07-08 12:43:22 INFO  Login_DataDriven:14 - Test case Tc_002 started
2024-07-08 12:43:22 INFO  Login_DataDriven:18 - Test case Tc_002 entering username
2024-07-08 12:43:22 INFO  Login_DataDriven:14 - Test case Tc_002 started
2024-07-08 12:43:22 INFO  Login_DataDriven:18 - Test case Tc_002 entering username
2024-07-08 12:43:22 INFO  Login_DataDriven:14 - Test case Tc_002 started
2024-07-08 12:43:22 INFO  Login_DataDriven:18 - Test case Tc_002 entering username
2024-07-08 12:43:22 INFO  Login_DataDriven:14 - Test case Tc_002 started
2024-07-08 12:43:22 INFO  Login_DataDriven:18 - Test case Tc_002 entering username
2024-07-08 12:43:22 INFO  Login_DataDriven:14 - Test case Tc_002 started
2024-07-08 12:43:22 INFO  Login_DataDriven:18 - Test case Tc_002 entering username
2024-07-08 12:43:22 INFO  Login_DataDriven:14 - Test case Tc_002 started
2024-07-08 12:43:22 INFO  Login_DataDriven:18 - Test case Tc_002 entering username
2024-07-08 12:43:22 INFO  Login_DataDriven:14 - Test case Tc_002 started
2024-07-08 12:43:22 INFO  Login_DataDriven:18 - Test case Tc_002 entering username
2024-07-08 12:43:22 INFO  Login_DataDriven:14 - Test case Tc_002 started
2024-07-08 12:43:22 INFO  Login_DataDriven:18 - Test case Tc_002 entering username
2024-07-08 12:43:22 INFO  Login_DataDriven:14 - Test case Tc_002 started
2024-07-08 12:43:22 INFO  Login_DataDriven:18 - Test case Tc_002 entering username
2024-07-08 13:05:33 INFO  Utils:112 - [TestNG] Running:
  C:\Users\AVI\eclipse-workspace\DataDrivenLogin_Automation\Docker-Grid.xml

2024-07-08 13:06:49 INFO  Tc__001validLogin:13 - Test case Tc__001validLogin started
2024-07-08 13:07:03 INFO  Tc__001validLogin:23 - Test case Tc__001validLogin finshed
2024-07-08 13:16:55 INFO  Utils:112 - [TestNG] Running:
  C:\Users\AVI\eclipse-workspace\DataDrivenLogin_Automation\Docker-Grid.xml

2024-07-08 13:21:51 INFO  Utils:112 - [TestNG] Running:
  C:\Users\AVI\eclipse-workspace\DataDrivenLogin_Automation\Master.xml

2024-07-08 13:22:08 INFO  Tc__001validLogin:13 - Test case Tc__001validLogin started
2024-07-08 13:22:14 INFO  Tc__001validLogin:23 - Test case Tc__001validLogin finshed
2024-07-08 13:22:23 INFO  Tc_002_Invalid_Login:12 - Test case Tc_002_Invalid_Login Started
2024-07-08 13:22:24 INFO  Tc_002_Invalid_Login:19 - Test case Tc_002_Invalid_Login finished
2024-07-08 13:22:35 INFO  Login_DataDriven:14 - Test case Tc_002 started
2024-07-08 13:22:35 INFO  Login_DataDriven:18 - Test case Tc_002 entering username
2024-07-08 13:22:35 INFO  Login_DataDriven:20 - Test case Tc_002 entering password
2024-07-08 13:22:35 INFO  Login_DataDriven:22 - Test case Tc_002 clicking login
2024-07-08 13:22:35 INFO  Login_DataDriven:14 - Test case Tc_002 started
2024-07-08 13:22:35 INFO  Login_DataDriven:18 - Test case Tc_002 entering username
2024-07-08 13:22:35 INFO  Login_DataDriven:20 - Test case Tc_002 entering password
2024-07-08 13:22:36 INFO  Login_DataDriven:22 - Test case Tc_002 clicking login
2024-07-08 13:22:36 INFO  Login_DataDriven:14 - Test case Tc_002 started
2024-07-08 13:22:36 INFO  Login_DataDriven:18 - Test case Tc_002 entering username
2024-07-08 13:22:36 INFO  Login_DataDriven:20 - Test case Tc_002 entering password
2024-07-08 13:22:36 INFO  Login_DataDriven:22 - Test case Tc_002 clicking login
2024-07-08 13:22:36 INFO  Login_DataDriven:14 - Test case Tc_002 started
2024-07-08 13:22:36 INFO  Login_DataDriven:18 - Test case Tc_002 entering username
2024-07-08 13:22:36 INFO  Login_DataDriven:20 - Test case Tc_002 entering password
2024-07-08 13:22:36 INFO  Login_DataDriven:22 - Test case Tc_002 clicking login
2024-07-08 13:22:36 INFO  Login_DataDriven:14 - Test case Tc_002 started
2024-07-08 13:22:36 INFO  Login_DataDriven:18 - Test case Tc_002 entering username
2024-07-08 13:22:36 INFO  Login_DataDriven:20 - Test case Tc_002 entering password
2024-07-08 13:22:36 INFO  Login_DataDriven:22 - Test case Tc_002 clicking login
2024-07-08 13:22:36 INFO  Login_DataDriven:14 - Test case Tc_002 started
2024-07-08 13:22:36 INFO  Login_DataDriven:18 - Test case Tc_002 entering username
2024-07-08 13:22:37 INFO  Login_DataDriven:20 - Test case Tc_002 entering password
2024-07-08 13:22:37 INFO  Login_DataDriven:22 - Test case Tc_002 clicking login
2024-07-08 13:22:37 INFO  Login_DataDriven:14 - Test case Tc_002 started
2024-07-08 13:22:37 INFO  Login_DataDriven:18 - Test case Tc_002 entering username
2024-07-08 13:22:37 INFO  Login_DataDriven:20 - Test case Tc_002 entering password
2024-07-08 13:22:37 INFO  Login_DataDriven:22 - Test case Tc_002 clicking login
2024-07-08 13:22:37 INFO  Login_DataDriven:14 - Test case Tc_002 started
2024-07-08 13:22:37 INFO  Login_DataDriven:18 - Test case Tc_002 entering username
2024-07-08 13:22:37 INFO  Login_DataDriven:20 - Test case Tc_002 entering password
2024-07-08 13:22:37 INFO  Login_DataDriven:22 - Test case Tc_002 clicking login
2024-07-08 13:22:37 INFO  Login_DataDriven:14 - Test case Tc_002 started
2024-07-08 13:22:37 INFO  Login_DataDriven:18 - Test case Tc_002 entering username
2024-07-08 13:22:37 INFO  Login_DataDriven:20 - Test case Tc_002 entering password
2024-07-08 13:22:38 INFO  Login_DataDriven:22 - Test case Tc_002 clicking login
2024-07-08 13:22:38 INFO  Login_DataDriven:14 - Test case Tc_002 started
2024-07-08 13:22:38 INFO  Login_DataDriven:18 - Test case Tc_002 entering username
2024-07-08 13:22:38 INFO  Login_DataDriven:20 - Test case Tc_002 entering password
2024-07-08 13:22:38 INFO  Login_DataDriven:22 - Test case Tc_002 clicking login
2024-07-08 13:22:38 INFO  Login_DataDriven:14 - Test case Tc_002 started
2024-07-08 13:22:38 INFO  Login_DataDriven:18 - Test case Tc_002 entering username
2024-07-08 13:22:38 INFO  Login_DataDriven:20 - Test case Tc_002 entering password
2024-07-08 13:22:38 INFO  Login_DataDriven:22 - Test case Tc_002 clicking login
2024-07-08 13:22:38 INFO  Login_DataDriven:14 - Test case Tc_002 started
2024-07-08 13:22:39 INFO  Login_DataDriven:18 - Test case Tc_002 entering username
2024-07-08 13:22:39 INFO  Login_DataDriven:20 - Test case Tc_002 entering password
2024-07-08 13:22:39 INFO  Login_DataDriven:22 - Test case Tc_002 clicking login
2024-07-08 13:22:39 INFO  Login_DataDriven:14 - Test case Tc_002 started
2024-07-08 13:22:39 INFO  Login_DataDriven:18 - Test case Tc_002 entering username
2024-07-08 13:22:39 INFO  Login_DataDriven:20 - Test case Tc_002 entering password
2024-07-08 13:22:39 INFO  Login_DataDriven:22 - Test case Tc_002 clicking login
2024-07-08 13:28:33 INFO  Utils:112 - [TestNG] Running:
  C:\Users\AVI\eclipse-workspace\DataDrivenLogin_Automation\Master.xml

2024-07-08 13:28:44 INFO  Tc__001validLogin:13 - Test case Tc__001validLogin started
2024-07-08 13:28:51 INFO  Tc__001validLogin:23 - Test case Tc__001validLogin finshed
2024-07-08 13:28:59 INFO  Tc_002_Invalid_Login:12 - Test case Tc_002_Invalid_Login Started
2024-07-08 13:29:13 INFO  Login_DataDriven:14 - Test case Tc_002 started
2024-07-08 13:29:13 INFO  Login_DataDriven:18 - Test case Tc_002 entering username
2024-07-08 13:29:13 INFO  Login_DataDriven:20 - Test case Tc_002 entering password
2024-07-08 13:29:13 INFO  Login_DataDriven:22 - Test case Tc_002 clicking login
2024-07-08 13:29:13 INFO  Login_DataDriven:14 - Test case Tc_002 started
2024-07-08 13:29:13 INFO  Login_DataDriven:18 - Test case Tc_002 entering username
2024-07-08 13:29:13 INFO  Login_DataDriven:20 - Test case Tc_002 entering password
2024-07-08 13:29:13 INFO  Login_DataDriven:22 - Test case Tc_002 clicking login
2024-07-08 13:29:13 INFO  Login_DataDriven:14 - Test case Tc_002 started
2024-07-08 13:29:13 INFO  Login_DataDriven:18 - Test case Tc_002 entering username
2024-07-08 13:29:14 INFO  Login_DataDriven:20 - Test case Tc_002 entering password
2024-07-08 13:29:14 INFO  Login_DataDriven:22 - Test case Tc_002 clicking login
2024-07-08 13:29:14 INFO  Login_DataDriven:14 - Test case Tc_002 started
2024-07-08 13:29:14 INFO  Login_DataDriven:18 - Test case Tc_002 entering username
2024-07-08 13:29:14 INFO  Login_DataDriven:20 - Test case Tc_002 entering password
2024-07-08 13:29:14 INFO  Login_DataDriven:22 - Test case Tc_002 clicking login
2024-07-08 13:29:14 INFO  Login_DataDriven:14 - Test case Tc_002 started
2024-07-08 13:29:14 INFO  Login_DataDriven:18 - Test case Tc_002 entering username
2024-07-08 13:29:14 INFO  Login_DataDriven:20 - Test case Tc_002 entering password
2024-07-08 13:29:14 INFO  Login_DataDriven:22 - Test case Tc_002 clicking login
2024-07-08 13:29:14 INFO  Login_DataDriven:14 - Test case Tc_002 started
2024-07-08 13:29:14 INFO  Login_DataDriven:18 - Test case Tc_002 entering username
2024-07-08 13:29:14 INFO  Login_DataDriven:20 - Test case Tc_002 entering password
2024-07-08 13:29:14 INFO  Login_DataDriven:22 - Test case Tc_002 clicking login
2024-07-08 13:29:15 INFO  Login_DataDriven:14 - Test case Tc_002 started
2024-07-08 13:29:15 INFO  Login_DataDriven:18 - Test case Tc_002 entering username
2024-07-08 13:29:15 INFO  Login_DataDriven:20 - Test case Tc_002 entering password
2024-07-08 13:29:15 INFO  Login_DataDriven:22 - Test case Tc_002 clicking login
2024-07-08 13:29:15 INFO  Login_DataDriven:14 - Test case Tc_002 started
2024-07-08 13:29:15 INFO  Login_DataDriven:18 - Test case Tc_002 entering username
2024-07-08 13:29:15 INFO  Login_DataDriven:20 - Test case Tc_002 entering password
2024-07-08 13:29:15 INFO  Login_DataDriven:22 - Test case Tc_002 clicking login
2024-07-08 13:29:15 INFO  Login_DataDriven:14 - Test case Tc_002 started
2024-07-08 13:29:15 INFO  Login_DataDriven:18 - Test case Tc_002 entering username
2024-07-08 13:29:15 INFO  Login_DataDriven:20 - Test case Tc_002 entering password
2024-07-08 13:29:16 INFO  Login_DataDriven:22 - Test case Tc_002 clicking login
2024-07-08 13:29:16 INFO  Login_DataDriven:14 - Test case Tc_002 started
2024-07-08 13:29:16 INFO  Login_DataDriven:18 - Test case Tc_002 entering username
2024-07-08 13:29:16 INFO  Login_DataDriven:20 - Test case Tc_002 entering password
2024-07-08 13:29:16 INFO  Login_DataDriven:22 - Test case Tc_002 clicking login
2024-07-08 13:29:16 INFO  Login_DataDriven:14 - Test case Tc_002 started
2024-07-08 13:29:16 INFO  Login_DataDriven:18 - Test case Tc_002 entering username
2024-07-08 13:29:16 INFO  Login_DataDriven:20 - Test case Tc_002 entering password
2024-07-08 13:29:16 INFO  Login_DataDriven:22 - Test case Tc_002 clicking login
2024-07-08 13:29:16 INFO  Login_DataDriven:14 - Test case Tc_002 started
2024-07-08 13:29:16 INFO  Login_DataDriven:18 - Test case Tc_002 entering username
2024-07-08 13:29:16 INFO  Login_DataDriven:20 - Test case Tc_002 entering password
2024-07-08 13:29:16 INFO  Login_DataDriven:22 - Test case Tc_002 clicking login
2024-07-08 13:29:16 INFO  Login_DataDriven:14 - Test case Tc_002 started
2024-07-08 13:29:16 INFO  Login_DataDriven:18 - Test case Tc_002 entering username
2024-07-08 13:29:17 INFO  Login_DataDriven:20 - Test case Tc_002 entering password
2024-07-08 13:29:17 INFO  Login_DataDriven:22 - Test case Tc_002 clicking login
2024-07-08 13:30:10 INFO  Utils:112 - [TestNG] Running:
  C:\Users\AVI\eclipse-workspace\DataDrivenLogin_Automation\Master.xml

2024-07-08 13:30:20 INFO  Tc__001validLogin:13 - Test case Tc__001validLogin started
2024-07-08 13:30:25 INFO  Tc__001validLogin:23 - Test case Tc__001validLogin finshed
2024-07-08 13:30:34 INFO  Tc_002_Invalid_Login:12 - Test case Tc_002_Invalid_Login Started
2024-07-08 13:30:34 INFO  Tc_002_Invalid_Login:19 - Test case Tc_002_Invalid_Login finished
2024-07-08 13:30:45 INFO  Login_DataDriven:14 - Test case Tc_002 started
2024-07-08 13:30:45 INFO  Login_DataDriven:18 - Test case Tc_002 entering username
2024-07-08 13:30:45 INFO  Login_DataDriven:20 - Test case Tc_002 entering password
2024-07-08 13:30:45 INFO  Login_DataDriven:22 - Test case Tc_002 clicking login
2024-07-08 13:30:45 INFO  Login_DataDriven:14 - Test case Tc_002 started
2024-07-08 13:30:45 INFO  Login_DataDriven:18 - Test case Tc_002 entering username
2024-07-08 13:30:45 INFO  Login_DataDriven:20 - Test case Tc_002 entering password
2024-07-08 13:30:45 INFO  Login_DataDriven:22 - Test case Tc_002 clicking login
2024-07-08 13:30:45 INFO  Login_DataDriven:14 - Test case Tc_002 started
2024-07-08 13:30:45 INFO  Login_DataDriven:18 - Test case Tc_002 entering username
2024-07-08 13:30:46 INFO  Login_DataDriven:20 - Test case Tc_002 entering password
2024-07-08 13:30:46 INFO  Login_DataDriven:22 - Test case Tc_002 clicking login
2024-07-08 13:30:46 INFO  Login_DataDriven:14 - Test case Tc_002 started
2024-07-08 13:30:46 INFO  Login_DataDriven:18 - Test case Tc_002 entering username
2024-07-08 13:30:46 INFO  Login_DataDriven:20 - Test case Tc_002 entering password
2024-07-08 13:30:46 INFO  Login_DataDriven:22 - Test case Tc_002 clicking login
2024-07-08 13:30:46 INFO  Login_DataDriven:14 - Test case Tc_002 started
2024-07-08 13:30:46 INFO  Login_DataDriven:18 - Test case Tc_002 entering username
2024-07-08 13:30:46 INFO  Login_DataDriven:20 - Test case Tc_002 entering password
2024-07-08 13:30:46 INFO  Login_DataDriven:22 - Test case Tc_002 clicking login
2024-07-08 13:30:46 INFO  Login_DataDriven:14 - Test case Tc_002 started
2024-07-08 13:30:46 INFO  Login_DataDriven:18 - Test case Tc_002 entering username
2024-07-08 13:30:46 INFO  Login_DataDriven:20 - Test case Tc_002 entering password
2024-07-08 13:30:47 INFO  Login_DataDriven:22 - Test case Tc_002 clicking login
2024-07-08 13:30:47 INFO  Login_DataDriven:14 - Test case Tc_002 started
2024-07-08 13:30:47 INFO  Login_DataDriven:18 - Test case Tc_002 entering username
2024-07-08 13:30:47 INFO  Login_DataDriven:20 - Test case Tc_002 entering password
2024-07-08 13:30:47 INFO  Login_DataDriven:22 - Test case Tc_002 clicking login
2024-07-08 13:30:47 INFO  Login_DataDriven:14 - Test case Tc_002 started
2024-07-08 13:30:47 INFO  Login_DataDriven:18 - Test case Tc_002 entering username
2024-07-08 13:30:47 INFO  Login_DataDriven:20 - Test case Tc_002 entering password
2024-07-08 13:30:47 INFO  Login_DataDriven:22 - Test case Tc_002 clicking login
2024-07-08 13:30:47 INFO  Login_DataDriven:14 - Test case Tc_002 started
2024-07-08 13:30:47 INFO  Login_DataDriven:18 - Test case Tc_002 entering username
2024-07-08 13:30:47 INFO  Login_DataDriven:20 - Test case Tc_002 entering password
2024-07-08 13:30:48 INFO  Login_DataDriven:22 - Test case Tc_002 clicking login
2024-07-08 13:30:48 INFO  Login_DataDriven:14 - Test case Tc_002 started
2024-07-08 13:30:48 INFO  Login_DataDriven:18 - Test case Tc_002 entering username
2024-07-08 13:30:48 INFO  Login_DataDriven:20 - Test case Tc_002 entering password
2024-07-08 13:30:48 INFO  Login_DataDriven:22 - Test case Tc_002 clicking login
2024-07-08 13:30:48 INFO  Login_DataDriven:14 - Test case Tc_002 started
2024-07-08 13:30:48 INFO  Login_DataDriven:18 - Test case Tc_002 entering username
2024-07-08 13:30:48 INFO  Login_DataDriven:20 - Test case Tc_002 entering password
2024-07-08 13:30:48 INFO  Login_DataDriven:22 - Test case Tc_002 clicking login
2024-07-08 13:30:48 INFO  Login_DataDriven:14 - Test case Tc_002 started
2024-07-08 13:30:48 INFO  Login_DataDriven:18 - Test case Tc_002 entering username
2024-07-08 13:30:48 INFO  Login_DataDriven:20 - Test case Tc_002 entering password
2024-07-08 13:30:48 INFO  Login_DataDriven:22 - Test case Tc_002 clicking login
2024-07-08 13:30:48 INFO  Login_DataDriven:14 - Test case Tc_002 started
2024-07-08 13:30:48 INFO  Login_DataDriven:18 - Test case Tc_002 entering username
2024-07-08 13:30:49 INFO  Login_DataDriven:20 - Test case Tc_002 entering password
2024-07-08 13:30:49 INFO  Login_DataDriven:22 - Test case Tc_002 clicking login
2024-07-08 14:36:44 INFO  Tc__001validLogin:13 - Test case Tc__001validLogin started
2024-07-08 14:36:53 INFO  Tc__001validLogin:23 - Test case Tc__001validLogin finshed
2024-07-08 14:37:00 INFO  Tc_002_Invalid_Login:12 - Test case Tc_002_Invalid_Login Started
2024-07-08 14:37:00 INFO  Tc_002_Invalid_Login:19 - Test case Tc_002_Invalid_Login finished
2024-07-08 14:37:11 INFO  Login_DataDriven:14 - Test case Tc_002 started
2024-07-08 14:37:11 INFO  Login_DataDriven:18 - Test case Tc_002 entering username
2024-07-08 14:37:11 INFO  Login_DataDriven:20 - Test case Tc_002 entering password
2024-07-08 14:37:12 INFO  Login_DataDriven:22 - Test case Tc_002 clicking login
2024-07-08 14:37:12 INFO  Login_DataDriven:14 - Test case Tc_002 started
2024-07-08 14:37:12 INFO  Login_DataDriven:18 - Test case Tc_002 entering username
2024-07-08 14:37:12 INFO  Login_DataDriven:20 - Test case Tc_002 entering password
2024-07-08 14:37:12 INFO  Login_DataDriven:22 - Test case Tc_002 clicking login
2024-07-08 14:37:12 INFO  Login_DataDriven:14 - Test case Tc_002 started
2024-07-08 14:37:12 INFO  Login_DataDriven:18 - Test case Tc_002 entering username
2024-07-08 14:37:12 INFO  Login_DataDriven:20 - Test case Tc_002 entering password
2024-07-08 14:37:12 INFO  Login_DataDriven:22 - Test case Tc_002 clicking login
2024-07-08 14:37:12 INFO  Login_DataDriven:14 - Test case Tc_002 started
2024-07-08 14:37:12 INFO  Login_DataDriven:18 - Test case Tc_002 entering username
2024-07-08 14:37:13 INFO  Login_DataDriven:20 - Test case Tc_002 entering password
2024-07-08 14:37:13 INFO  Login_DataDriven:22 - Test case Tc_002 clicking login
2024-07-08 14:37:13 INFO  Login_DataDriven:14 - Test case Tc_002 started
2024-07-08 14:37:13 INFO  Login_DataDriven:18 - Test case Tc_002 entering username
2024-07-08 14:37:13 INFO  Login_DataDriven:20 - Test case Tc_002 entering password
2024-07-08 14:37:13 INFO  Login_DataDriven:22 - Test case Tc_002 clicking login
2024-07-08 14:37:13 INFO  Login_DataDriven:14 - Test case Tc_002 started
2024-07-08 14:37:13 INFO  Login_DataDriven:18 - Test case Tc_002 entering username
2024-07-08 14:37:13 INFO  Login_DataDriven:20 - Test case Tc_002 entering password
2024-07-08 14:37:13 INFO  Login_DataDriven:22 - Test case Tc_002 clicking login
2024-07-08 14:37:13 INFO  Login_DataDriven:14 - Test case Tc_002 started
2024-07-08 14:37:13 INFO  Login_DataDriven:18 - Test case Tc_002 entering username
2024-07-08 14:37:14 INFO  Login_DataDriven:20 - Test case Tc_002 entering password
2024-07-08 14:37:14 INFO  Login_DataDriven:22 - Test case Tc_002 clicking login
2024-07-08 14:37:14 INFO  Login_DataDriven:14 - Test case Tc_002 started
2024-07-08 14:37:14 INFO  Login_DataDriven:18 - Test case Tc_002 entering username
2024-07-08 14:37:14 INFO  Login_DataDriven:20 - Test case Tc_002 entering password
2024-07-08 14:37:14 INFO  Login_DataDriven:22 - Test case Tc_002 clicking login
2024-07-08 14:37:14 INFO  Login_DataDriven:14 - Test case Tc_002 started
2024-07-08 14:37:14 INFO  Login_DataDriven:18 - Test case Tc_002 entering username
2024-07-08 14:37:14 INFO  Login_DataDriven:20 - Test case Tc_002 entering password
2024-07-08 14:37:15 INFO  Login_DataDriven:22 - Test case Tc_002 clicking login
2024-07-08 14:37:15 INFO  Login_DataDriven:14 - Test case Tc_002 started
2024-07-08 14:37:15 INFO  Login_DataDriven:18 - Test case Tc_002 entering username
2024-07-08 14:37:15 INFO  Login_DataDriven:20 - Test case Tc_002 entering password
2024-07-08 14:37:15 INFO  Login_DataDriven:22 - Test case Tc_002 clicking login
2024-07-08 14:37:15 INFO  Login_DataDriven:14 - Test case Tc_002 started
2024-07-08 14:37:15 INFO  Login_DataDriven:18 - Test case Tc_002 entering username
2024-07-08 14:37:15 INFO  Login_DataDriven:20 - Test case Tc_002 entering password
2024-07-08 14:37:15 INFO  Login_DataDriven:22 - Test case Tc_002 clicking login
2024-07-08 14:37:15 INFO  Login_DataDriven:14 - Test case Tc_002 started
2024-07-08 14:37:15 INFO  Login_DataDriven:18 - Test case Tc_002 entering username
2024-07-08 14:37:15 INFO  Login_DataDriven:20 - Test case Tc_002 entering password
2024-07-08 14:37:15 INFO  Login_DataDriven:22 - Test case Tc_002 clicking login
2024-07-08 14:37:16 INFO  Login_DataDriven:14 - Test case Tc_002 started
2024-07-08 14:37:16 INFO  Login_DataDriven:18 - Test case Tc_002 entering username
2024-07-08 14:37:16 INFO  Login_DataDriven:20 - Test case Tc_002 entering password
2024-07-08 14:37:16 INFO  Login_DataDriven:22 - Test case Tc_002 clicking login
2024-07-08 14:55:30 INFO  Tc__001validLogin:13 - Test case Tc__001validLogin started
2024-07-08 14:55:36 INFO  Tc__001validLogin:23 - Test case Tc__001validLogin finshed
2024-07-08 14:55:44 INFO  Tc_002_Invalid_Login:12 - Test case Tc_002_Invalid_Login Started
2024-07-08 14:55:44 INFO  Tc_002_Invalid_Login:19 - Test case Tc_002_Invalid_Login finished
2024-07-08 14:55:56 INFO  Login_DataDriven:14 - Test case Tc_002 started
2024-07-08 14:55:56 INFO  Login_DataDriven:18 - Test case Tc_002 entering username
2024-07-08 14:55:56 INFO  Login_DataDriven:20 - Test case Tc_002 entering password
2024-07-08 14:55:57 INFO  Login_DataDriven:22 - Test case Tc_002 clicking login
2024-07-08 14:55:57 INFO  Login_DataDriven:14 - Test case Tc_002 started
2024-07-08 14:55:57 INFO  Login_DataDriven:18 - Test case Tc_002 entering username
2024-07-08 14:55:57 INFO  Login_DataDriven:20 - Test case Tc_002 entering password
2024-07-08 14:55:57 INFO  Login_DataDriven:22 - Test case Tc_002 clicking login
2024-07-08 14:55:57 INFO  Login_DataDriven:14 - Test case Tc_002 started
2024-07-08 14:55:57 INFO  Login_DataDriven:18 - Test case Tc_002 entering username
2024-07-08 14:55:57 INFO  Login_DataDriven:20 - Test case Tc_002 entering password
2024-07-08 14:55:57 INFO  Login_DataDriven:22 - Test case Tc_002 clicking login
2024-07-08 14:55:57 INFO  Login_DataDriven:14 - Test case Tc_002 started
2024-07-08 14:55:57 INFO  Login_DataDriven:18 - Test case Tc_002 entering username
2024-07-08 14:55:57 INFO  Login_DataDriven:20 - Test case Tc_002 entering password
2024-07-08 14:55:57 INFO  Login_DataDriven:22 - Test case Tc_002 clicking login
2024-07-08 14:55:58 INFO  Login_DataDriven:14 - Test case Tc_002 started
2024-07-08 14:55:58 INFO  Login_DataDriven:18 - Test case Tc_002 entering username
2024-07-08 14:55:58 INFO  Login_DataDriven:20 - Test case Tc_002 entering password
2024-07-08 14:55:58 INFO  Login_DataDriven:22 - Test case Tc_002 clicking login
2024-07-08 14:55:58 INFO  Login_DataDriven:14 - Test case Tc_002 started
2024-07-08 14:55:58 INFO  Login_DataDriven:18 - Test case Tc_002 entering username
2024-07-08 14:55:58 INFO  Login_DataDriven:20 - Test case Tc_002 entering password
2024-07-08 14:55:58 INFO  Login_DataDriven:22 - Test case Tc_002 clicking login
2024-07-08 14:55:58 INFO  Login_DataDriven:14 - Test case Tc_002 started
2024-07-08 14:55:58 INFO  Login_DataDriven:18 - Test case Tc_002 entering username
2024-07-08 14:55:58 INFO  Login_DataDriven:20 - Test case Tc_002 entering password
2024-07-08 14:55:58 INFO  Login_DataDriven:22 - Test case Tc_002 clicking login
2024-07-08 14:55:59 INFO  Login_DataDriven:14 - Test case Tc_002 started
2024-07-08 14:55:59 INFO  Login_DataDriven:18 - Test case Tc_002 entering username
2024-07-08 14:55:59 INFO  Login_DataDriven:20 - Test case Tc_002 entering password
2024-07-08 14:55:59 INFO  Login_DataDriven:22 - Test case Tc_002 clicking login
2024-07-08 14:55:59 INFO  Login_DataDriven:14 - Test case Tc_002 started
2024-07-08 14:55:59 INFO  Login_DataDriven:18 - Test case Tc_002 entering username
2024-07-08 14:55:59 INFO  Login_DataDriven:20 - Test case Tc_002 entering password
2024-07-08 14:55:59 INFO  Login_DataDriven:22 - Test case Tc_002 clicking login
2024-07-08 14:56:00 INFO  Login_DataDriven:14 - Test case Tc_002 started
2024-07-08 14:56:00 INFO  Login_DataDriven:18 - Test case Tc_002 entering username
2024-07-08 14:56:00 INFO  Login_DataDriven:20 - Test case Tc_002 entering password
2024-07-08 14:56:00 INFO  Login_DataDriven:22 - Test case Tc_002 clicking login
2024-07-08 14:56:00 INFO  Login_DataDriven:14 - Test case Tc_002 started
2024-07-08 14:56:00 INFO  Login_DataDriven:18 - Test case Tc_002 entering username
2024-07-08 14:56:00 INFO  Login_DataDriven:20 - Test case Tc_002 entering password
2024-07-08 14:56:00 INFO  Login_DataDriven:22 - Test case Tc_002 clicking login
2024-07-08 14:56:00 INFO  Login_DataDriven:14 - Test case Tc_002 started
2024-07-08 14:56:00 INFO  Login_DataDriven:18 - Test case Tc_002 entering username
2024-07-08 14:56:00 INFO  Login_DataDriven:20 - Test case Tc_002 entering password
2024-07-08 14:56:00 INFO  Login_DataDriven:22 - Test case Tc_002 clicking login
2024-07-08 14:56:00 INFO  Login_DataDriven:14 - Test case Tc_002 started
2024-07-08 14:56:00 INFO  Login_DataDriven:18 - Test case Tc_002 entering username
2024-07-08 14:56:01 INFO  Login_DataDriven:20 - Test case Tc_002 entering password
2024-07-08 14:56:01 INFO  Login_DataDriven:22 - Test case Tc_002 clicking login
2024-07-08 21:21:49 INFO  Tc__001validLogin:13 - Test case Tc__001validLogin started
2024-07-08 21:21:54 INFO  Tc__001validLogin:23 - Test case Tc__001validLogin finshed
2024-07-08 21:22:06 INFO  Tc_002_Invalid_Login:12 - Test case Tc_002_Invalid_Login Started
2024-07-08 21:22:06 INFO  Tc_002_Invalid_Login:19 - Test case Tc_002_Invalid_Login finished
2024-07-08 21:22:17 INFO  Login_DataDriven:14 - Test case Tc_002 started
2024-07-08 21:22:17 INFO  Login_DataDriven:18 - Test case Tc_002 entering username
2024-07-08 21:22:17 INFO  Login_DataDriven:20 - Test case Tc_002 entering password
2024-07-08 21:22:18 INFO  Login_DataDriven:22 - Test case Tc_002 clicking login
2024-07-08 21:22:18 INFO  Login_DataDriven:14 - Test case Tc_002 started
2024-07-08 21:22:18 INFO  Login_DataDriven:18 - Test case Tc_002 entering username
2024-07-08 21:22:18 INFO  Login_DataDriven:20 - Test case Tc_002 entering password
2024-07-08 21:22:18 INFO  Login_DataDriven:22 - Test case Tc_002 clicking login
2024-07-08 21:22:18 INFO  Login_DataDriven:14 - Test case Tc_002 started
2024-07-08 21:22:18 INFO  Login_DataDriven:18 - Test case Tc_002 entering username
2024-07-08 21:22:18 INFO  Login_DataDriven:20 - Test case Tc_002 entering password
2024-07-08 21:22:18 INFO  Login_DataDriven:22 - Test case Tc_002 clicking login
2024-07-08 21:22:18 INFO  Login_DataDriven:14 - Test case Tc_002 started
2024-07-08 21:22:18 INFO  Login_DataDriven:18 - Test case Tc_002 entering username
2024-07-08 21:22:18 INFO  Login_DataDriven:20 - Test case Tc_002 entering password
2024-07-08 21:22:18 INFO  Login_DataDriven:22 - Test case Tc_002 clicking login
2024-07-08 21:22:19 INFO  Login_DataDriven:14 - Test case Tc_002 started
2024-07-08 21:22:19 INFO  Login_DataDriven:18 - Test case Tc_002 entering username
2024-07-08 21:22:19 INFO  Login_DataDriven:20 - Test case Tc_002 entering password
2024-07-08 21:22:19 INFO  Login_DataDriven:22 - Test case Tc_002 clicking login
2024-07-08 21:22:19 INFO  Login_DataDriven:14 - Test case Tc_002 started
2024-07-08 21:22:19 INFO  Login_DataDriven:18 - Test case Tc_002 entering username
2024-07-08 21:22:19 INFO  Login_DataDriven:20 - Test case Tc_002 entering password
2024-07-08 21:22:19 INFO  Login_DataDriven:22 - Test case Tc_002 clicking login
2024-07-08 21:22:19 INFO  Login_DataDriven:14 - Test case Tc_002 started
2024-07-08 21:22:19 INFO  Login_DataDriven:18 - Test case Tc_002 entering username
2024-07-08 21:22:19 INFO  Login_DataDriven:20 - Test case Tc_002 entering password
2024-07-08 21:22:19 INFO  Login_DataDriven:22 - Test case Tc_002 clicking login
2024-07-08 21:22:19 INFO  Login_DataDriven:14 - Test case Tc_002 started
2024-07-08 21:22:19 INFO  Login_DataDriven:18 - Test case Tc_002 entering username
2024-07-08 21:22:19 INFO  Login_DataDriven:20 - Test case Tc_002 entering password
2024-07-08 21:22:20 INFO  Login_DataDriven:22 - Test case Tc_002 clicking login
2024-07-08 21:22:20 INFO  Login_DataDriven:14 - Test case Tc_002 started
2024-07-08 21:22:20 INFO  Login_DataDriven:18 - Test case Tc_002 entering username
2024-07-08 21:22:20 INFO  Login_DataDriven:20 - Test case Tc_002 entering password
2024-07-08 21:22:20 INFO  Login_DataDriven:22 - Test case Tc_002 clicking login
2024-07-08 21:22:20 INFO  Login_DataDriven:14 - Test case Tc_002 started
2024-07-08 21:22:20 INFO  Login_DataDriven:18 - Test case Tc_002 entering username
2024-07-08 21:22:20 INFO  Login_DataDriven:20 - Test case Tc_002 entering password
2024-07-08 21:22:20 INFO  Login_DataDriven:22 - Test case Tc_002 clicking login
2024-07-08 21:22:20 INFO  Login_DataDriven:14 - Test case Tc_002 started
2024-07-08 21:22:20 INFO  Login_DataDriven:18 - Test case Tc_002 entering username
2024-07-08 21:22:20 INFO  Login_DataDriven:20 - Test case Tc_002 entering password
2024-07-08 21:22:21 INFO  Login_DataDriven:22 - Test case Tc_002 clicking login
2024-07-08 21:22:21 INFO  Login_DataDriven:14 - Test case Tc_002 started
2024-07-08 21:22:21 INFO  Login_DataDriven:18 - Test case Tc_002 entering username
2024-07-08 21:22:21 INFO  Login_DataDriven:20 - Test case Tc_002 entering password
2024-07-08 21:22:21 INFO  Login_DataDriven:22 - Test case Tc_002 clicking login
2024-07-08 21:22:21 INFO  Login_DataDriven:14 - Test case Tc_002 started
2024-07-08 21:22:21 INFO  Login_DataDriven:18 - Test case Tc_002 entering username
2024-07-08 21:22:21 INFO  Login_DataDriven:20 - Test case Tc_002 entering password
2024-07-08 21:22:21 INFO  Login_DataDriven:22 - Test case Tc_002 clicking login
